g:\v12.1_projects\tleach_in_wsn_v12.1\workspace_tleach_in_wsn\src\simulation\dsr\x64\debug\vc142.pdb
g:\v12.1_projects\tleach_in_wsn_v12.1\workspace_tleach_in_wsn\src\simulation\dsr\x64\debug\vc142.idb
g:\v12.1_projects\tleach_in_wsn_v12.1\workspace_tleach_in_wsn\src\simulation\dsr\x64\debug\tleach.obj
g:\v12.1_projects\tleach_in_wsn_v12.1\workspace_tleach_in_wsn\src\simulation\dsr\x64\debug\sourceroute.obj
g:\v12.1_projects\tleach_in_wsn_v12.1\workspace_tleach_in_wsn\src\simulation\dsr\x64\debug\sendbuffer.obj
g:\v12.1_projects\tleach_in_wsn_v12.1\workspace_tleach_in_wsn\src\simulation\dsr\x64\debug\routerequest.obj
g:\v12.1_projects\tleach_in_wsn_v12.1\workspace_tleach_in_wsn\src\simulation\dsr\x64\debug\routereply.obj
g:\v12.1_projects\tleach_in_wsn_v12.1\workspace_tleach_in_wsn\src\simulation\dsr\x64\debug\routeerror.obj
g:\v12.1_projects\tleach_in_wsn_v12.1\workspace_tleach_in_wsn\src\simulation\dsr\x64\debug\routecache.obj
g:\v12.1_projects\tleach_in_wsn_v12.1\workspace_tleach_in_wsn\src\simulation\dsr\x64\debug\packetprocessing.obj
g:\v12.1_projects\tleach_in_wsn_v12.1\workspace_tleach_in_wsn\src\simulation\dsr\x64\debug\network_layer_ack.obj
g:\v12.1_projects\tleach_in_wsn_v12.1\workspace_tleach_in_wsn\src\simulation\dsr\x64\debug\maintbuffer.obj
g:\v12.1_projects\tleach_in_wsn_v12.1\workspace_tleach_in_wsn\src\simulation\dsr\x64\debug\dsr.obj
g:\v12.1_projects\tleach_in_wsn_v12.1\workspace_tleach_in_wsn\src\simulation\dsr\x64\debug\checkroutefound.obj
g:\v12.1_projects\tleach_in_wsn_v12.1\workspace_tleach_in_wsn\bin\bin_x64\dsr.lib
g:\v12.1_projects\tleach_in_wsn_v12.1\workspace_tleach_in_wsn\bin\bin_x64\dsr.exp
g:\v12.1_projects\tleach_in_wsn_v12.1\workspace_tleach_in_wsn\bin\bin_x64\libdsr.dll
g:\v12.1_projects\tleach_in_wsn_v12.1\workspace_tleach_in_wsn\bin\bin_x64\dsr.pdb
c:\users\hanuman\desktop\tleach_in_wsn_v12.1\workspace_tleach_in_wsn\src\simulation\dsr\x64\debug\checkroutefound.obj
c:\users\hanuman\desktop\tleach_in_wsn_v12.1\workspace_tleach_in_wsn\src\simulation\dsr\x64\debug\dsr.obj
c:\users\hanuman\desktop\tleach_in_wsn_v12.1\workspace_tleach_in_wsn\src\simulation\dsr\x64\debug\maintbuffer.obj
c:\users\hanuman\desktop\tleach_in_wsn_v12.1\workspace_tleach_in_wsn\src\simulation\dsr\x64\debug\network_layer_ack.obj
c:\users\hanuman\desktop\tleach_in_wsn_v12.1\workspace_tleach_in_wsn\src\simulation\dsr\x64\debug\packetprocessing.obj
c:\users\hanuman\desktop\tleach_in_wsn_v12.1\workspace_tleach_in_wsn\src\simulation\dsr\x64\debug\routecache.obj
c:\users\hanuman\desktop\tleach_in_wsn_v12.1\workspace_tleach_in_wsn\src\simulation\dsr\x64\debug\routeerror.obj
c:\users\hanuman\desktop\tleach_in_wsn_v12.1\workspace_tleach_in_wsn\src\simulation\dsr\x64\debug\routereply.obj
c:\users\hanuman\desktop\tleach_in_wsn_v12.1\workspace_tleach_in_wsn\src\simulation\dsr\x64\debug\routerequest.obj
c:\users\hanuman\desktop\tleach_in_wsn_v12.1\workspace_tleach_in_wsn\src\simulation\dsr\x64\debug\sendbuffer.obj
c:\users\hanuman\desktop\tleach_in_wsn_v12.1\workspace_tleach_in_wsn\src\simulation\dsr\x64\debug\sourceroute.obj
c:\users\hanuman\desktop\tleach_in_wsn_v12.1\workspace_tleach_in_wsn\src\simulation\dsr\x64\debug\tleach.obj
c:\users\hanuman\desktop\tleach_in_wsn_v12.1\workspace_tleach_in_wsn\src\simulation\dsr\x64\debug\vc142.idb
c:\users\hanuman\desktop\tleach_in_wsn_v12.1\workspace_tleach_in_wsn\src\simulation\dsr\x64\debug\vc142.pdb
c:\users\hanuman\desktop\tleach_in_wsn_v12.1\workspace_tleach_in_wsn\src\simulation\dsr\x64\debug\dsr.tlog\cl.command.1.tlog
c:\users\hanuman\desktop\tleach_in_wsn_v12.1\workspace_tleach_in_wsn\src\simulation\dsr\x64\debug\dsr.tlog\cl.read.1.tlog
c:\users\hanuman\desktop\tleach_in_wsn_v12.1\workspace_tleach_in_wsn\src\simulation\dsr\x64\debug\dsr.tlog\cl.write.1.tlog
c:\users\hanuman\desktop\tleach_in_wsn_v12.1\workspace_tleach_in_wsn\src\simulation\dsr\x64\debug\dsr.tlog\dsr.write.1u.tlog
c:\users\hanuman\desktop\tleach_in_wsn_v12.1\workspace_tleach_in_wsn\src\simulation\dsr\x64\debug\dsr.tlog\link.command.1.tlog
c:\users\hanuman\desktop\tleach_in_wsn_v12.1\workspace_tleach_in_wsn\src\simulation\dsr\x64\debug\dsr.tlog\link.read.1.tlog
c:\users\hanuman\desktop\tleach_in_wsn_v12.1\workspace_tleach_in_wsn\src\simulation\dsr\x64\debug\dsr.tlog\link.write.1.tlog
